info: GET en /sessions/register - 18:59:17
info: GET en /sessions/css/style.css - 18:59:18
info: GET en /sessions/js/main.js - 18:59:18
info: GET en /loggerTest - 18:59:35
info: GET en /sessions/register - 13:40:02
info: GET en /sessions/css/style.css - 13:40:02
info: GET en /sessions/js/main.js - 13:40:02
info: GET en /favicon.ico - 13:40:02
info: GET en /login - 13:40:07
info: POST en /api/jwt/forgot-password - 11:26:57
info: POST en /api/jwt/forgot-password - 11:29:20
info: POST en /api/jwt/reset-password/:token - 11:30:14
info: POST en /api/jwt/reset-password/:token - 11:33:19
info: GET en /sessions/register - 12:00:01
info: GET en /sessions/css/style.css - 12:00:01
info: GET en /sessions/js/main.js - 12:00:01
info: GET en /favicon.ico - 12:00:02
info: GET en /sessions/githubSignUp - 12:00:04
info: GET en /sessions/github?code=e5f8630fc9de771f02b0 - 12:00:04
info: GET en /api/products - 12:00:06
info: GET en /api/css/style.css - 12:00:07
info: GET en /api/js/main.js - 12:00:07
info: POST en /api/products/ - 12:00:30
info: GET en /api/products/ - 12:00:30
info: GET en /api/products/css/style.css - 12:00:31
info: GET en /api/products/js/main.js - 12:00:32
info: GET en /sessions/logout - 12:00:47
info: GET en /sessions/login - 12:00:47
info: GET en /sessions/css/style.css - 12:00:47
info: GET en /sessions/js/main.js - 12:00:47
info: GET en /sessions/register - 12:00:51
info: GET en /sessions/css/style.css - 12:00:51
info: GET en /sessions/js/main.js - 12:00:51
info: GET en /sessions/logout - 12:03:52
info: GET en /sessions/login - 12:03:52
info: GET en /sessions/css/style.css - 12:03:52
info: GET en /sessions/js/main.js - 12:03:52
info: GET en /forgot-password - 12:03:56
info: GET en /forgot-password - 12:06:06
info: GET en /sessions/register - 12:06:10
info: GET en /sessions/css/style.css - 12:06:11
info: GET en /sessions/js/main.js - 12:06:11
info: POST en /sessions/register - 12:06:39
info: GET en /api/products/errorLogin - 12:06:39
info: GET en /sessions/githubSignUp - 12:07:15
info: GET en /sessions/github?code=dab643ed51e72a8ab5b2 - 12:07:16
info: GET en /api/products - 12:07:17
info: GET en /api/css/style.css - 12:07:18
info: GET en /api/js/main.js - 12:07:18
info: GET en /sessions/logout - 12:09:59
info: GET en /sessions/login - 12:09:59
info: GET en /sessions/css/style.css - 12:09:59
info: GET en /sessions/js/main.js - 12:09:59
info: GET en /sessions/logout - 12:10:11
info: GET en /sessions/login - 12:10:11
info: GET en /sessions/css/style.css - 12:10:11
info: GET en /sessions/js/main.js - 12:10:11
info: GET en /sessions/register - 12:10:13
info: GET en /sessions/css/style.css - 12:10:13
info: GET en /sessions/js/main.js - 12:10:13
info: POST en /sessions/register - 12:10:29
info: GET en /api/products/errorLogin - 12:10:29
info: GET en /sessions/register - 12:11:09
info: GET en /sessions/css/style.css - 12:11:10
info: GET en /sessions/js/main.js - 12:11:10
info: POST en /sessions/register - 12:11:18
info: GET en /sessions/login - 12:11:19
info: GET en /sessions/js/main.js - 12:11:19
info: GET en /sessions/css/style.css - 12:11:19
info: POST en /api/jwt/login - 12:11:25
info: POST en /api/jwt/login - 12:15:03
info: GET en /sessions/logout - 12:15:45
info: GET en /sessions/login - 12:15:45
info: GET en /sessions/css/style.css - 12:15:45
info: GET en /sessions/js/main.js - 12:15:46
info: GET en /sessions/register - 12:15:48
info: GET en /sessions/css/style.css - 12:15:48
info: GET en /sessions/js/main.js - 12:15:48
info: POST en /sessions/register - 12:16:23
info: GET en /sessions/login - 12:16:23
info: GET en /sessions/css/style.css - 12:16:23
info: GET en /sessions/js/main.js - 12:16:23
info: POST en /api/jwt/login - 12:16:29
info: POST en /api/jwt/login - 12:17:54
info: GET en /sessions/css/style.css - 12:39:03
info: GET en /sessions/js/main.js - 12:39:03
info: GET en /sessions/register - 12:39:03
info: GET en /sessions/css/style.css - 12:39:03
info: GET en /sessions/js/main.js - 12:39:03
info: GET en /sessions/register - 12:39:06
info: GET en /sessions/css/style.css - 12:39:06
info: GET en /sessions/js/main.js - 12:39:06
info: POST en /sessions/register - 12:39:15
info: GET en /sessions/login - 12:39:15
info: GET en /sessions/css/style.css - 12:39:16
info: GET en /sessions/js/main.js - 12:39:16
info: POST en /api/jwt/login - 12:39:20
info: POST en /api/jwt/login - 12:54:39
info: GET en /sessions/css/style.css - 12:54:40
info: GET en /sessions/js/main.js - 12:54:40
info: GET en /sessions/register - 12:54:40
info: GET en /sessions/css/style.css - 12:54:41
info: GET en /sessions/js/main.js - 12:54:41
info: GET en /sessions/register - 12:54:42
info: GET en /sessions/css/style.css - 12:54:43
info: GET en /sessions/js/main.js - 12:54:43
info: POST en /sessions/register - 12:54:54
info: GET en /sessions/login - 12:54:55
info: GET en /sessions/css/style.css - 12:54:55
info: GET en /sessions/js/main.js - 12:54:55
info: POST en /jwt/login - 12:55:02
info: GET en /sessions/register - 12:58:11
info: GET en /sessions/css/style.css - 12:58:12
info: GET en /sessions/js/main.js - 12:58:12
info: POST en /sessions/register - 12:58:25
info: GET en /sessions/login - 12:58:26
info: GET en /sessions/css/style.css - 12:58:26
info: GET en /sessions/js/main.js - 12:58:26
info: POST en /api/jwt/login - 12:58:31
info: GET en /sessions/register - 12:59:56
info: GET en /sessions/css/style.css - 12:59:56
info: GET en /sessions/js/main.js - 12:59:57
info: POST en /sessions/register - 13:00:06
info: GET en /sessions/login - 13:00:06
info: GET en /sessions/css/style.css - 13:00:06
info: GET en /sessions/js/main.js - 13:00:06
info: POST en /api/jwt/login - 13:00:10
info: GET en /sessions/register - 13:01:49
info: GET en /sessions/css/style.css - 13:01:50
info: GET en /sessions/js/main.js - 13:01:50
info: POST en /sessions/register - 13:02:23
info: GET en /sessions/login - 13:02:23
info: GET en /sessions/css/style.css - 13:02:24
info: GET en /sessions/js/main.js - 13:02:24
info: POST en /api/sessions/login - 13:02:29
info: GET en /sessions/register - 13:03:27
info: GET en /sessions/js/main.js - 13:03:27
info: GET en /sessions/css/style.css - 13:03:27
info: POST en /sessions/register - 13:03:38
info: GET en /sessions/login - 13:03:38
info: GET en /sessions/js/main.js - 13:03:38
info: GET en /sessions/css/style.css - 13:03:38
info: POST en /api/products - 13:03:45
info: GET en /sessions/css/style.css - 15:07:41
info: GET en /sessions/js/main.js - 15:07:42
info: GET en /sessions/register - 15:07:43
info: GET en /sessions/js/main.js - 15:07:43
info: GET en /sessions/css/style.css - 15:07:43
info: GET en /sessions/register - 15:07:45
info: GET en /sessions/css/style.css - 15:07:45
info: GET en /sessions/js/main.js - 15:07:45
info: POST en /sessions/register - 15:08:32
info: GET en /sessions/login - 15:08:32
info: GET en /sessions/css/style.css - 15:08:33
info: GET en /sessions/js/main.js - 15:08:33
info: POST en /api/products - 15:08:38
info: POST en /sessions/register - 15:09:24
info: GET en /sessions/login - 15:09:24
info: GET en /sessions/css/style.css - 15:09:24
info: GET en /sessions/js/main.js - 15:09:24
info: POST en /api//login - 15:09:39
info: GET en /sessions/register - 15:12:33
info: GET en /sessions/css/style.css - 15:12:33
info: GET en /sessions/js/main.js - 15:12:33
info: POST en /sessions/register - 15:12:43
info: GET en /sessions/login - 15:12:44
info: GET en /sessions/css/style.css - 15:12:44
info: GET en /sessions/js/main.js - 15:12:44
info: POST en /api//login - 15:12:48
info: GET en /sessions/register - 15:13:16
info: GET en /sessions/css/style.css - 15:13:16
info: GET en /sessions/js/main.js - 15:13:16
info: POST en /sessions/register - 15:13:32
info: GET en /sessions/login - 15:13:32
info: GET en /sessions/css/style.css - 15:13:32
info: GET en /sessions/js/main.js - 15:13:32
info: POST en /login - 15:13:37
info: GET en /sessions/css/style.css - 15:30:41
info: GET en /sessions/js/main.js - 15:30:42
info: GET en /sessions/register - 15:30:42
info: GET en /sessions/css/style.css - 15:30:43
info: GET en /sessions/js/main.js - 15:30:43
info: GET en /sessions/register - 15:30:44
info: GET en /sessions/css/style.css - 15:30:44
info: GET en /sessions/js/main.js - 15:30:44
info: POST en /sessions/register - 15:30:53
info: GET en /sessions/login - 15:30:54
info: GET en /sessions/css/style.css - 15:30:54
info: GET en /sessions/js/main.js - 15:30:54
info: POST en /sessions/login - 15:30:58
info: GET en /sessions/js/main.js - 15:30:58
info: GET en /sessions/css/style.css - 15:30:58
info: GET en /sessions/css/style.css - 15:31:44
info: GET en /sessions/js/main.js - 15:31:44
info: POST en /sessions/login - 15:31:47
info: GET en /sessions/css/style.css - 15:31:48
info: GET en /sessions/js/main.js - 15:31:48
info: GET en /sessions/register - 14:32:56
info: GET en /sessions/css/style.css - 14:32:57
info: GET en /sessions/js/main.js - 14:32:57
info: POST en /sessions/register - 14:35:00
info: GET en /sessions/login - 14:35:00
info: GET en /sessions/css/style.css - 14:35:00
info: GET en /sessions/js/main.js - 14:35:00
info: POST en /sessions/login - 14:35:07
info: GET en /sessions/css/style.css - 14:35:07
info: GET en /sessions/js/main.js - 14:35:07
info: GET en /sessions/register - 10:27:08
info: GET en /sessions/css/style.css - 10:27:08
info: GET en /sessions/js/main.js - 10:27:09
info: GET en /favicon.ico - 10:27:09
info: POST en /sessions/register - 10:27:22
info: GET en /sessions/login - 10:27:22
info: GET en /sessions/css/style.css - 10:27:23
info: GET en /sessions/js/main.js - 10:27:23
info: GET en /sessions/js/main.js - 10:27:23
info: POST en /sessions/login - 10:27:29
info: GET en /sessions/js/main.js - 10:27:29
info: GET en /sessions/css/style.css - 10:27:29
info: GET en /sessions/css/style.css - 10:28:21
info: GET en /sessions/js/main.js - 10:28:21
info: GET en /sessions/js/main.js - 10:28:21
info: GET en /sessions/register - 10:28:23
info: GET en /sessions/css/style.css - 10:28:23
info: GET en /sessions/js/main.js - 10:28:23
info: POST en /sessions/register - 10:28:45
info: GET en /sessions/login - 10:28:45
info: GET en /sessions/css/style.css - 10:28:45
info: GET en /sessions/js/main.js - 10:28:45
info: GET en /sessions/js/main.js - 10:28:45
info: POST en /sessions/login - 10:28:49
info: GET en /sessions/css/style.css - 10:28:50
info: GET en /sessions/js/main.js - 10:28:50
info: GET en /sessions/css/style.css - 10:59:24
info: GET en /sessions/js/main.js - 10:59:24
info: GET en /sessions/js/main.js - 10:59:24
info: GET en /sessions/register - 10:59:25
info: GET en /sessions/css/style.css - 10:59:25
info: GET en /sessions/js/main.js - 10:59:25
info: GET en /sessions/register - 10:59:27
info: GET en /sessions/js/main.js - 10:59:27
info: GET en /sessions/css/style.css - 10:59:27
info: POST en /sessions/register - 10:59:36
info: GET en /sessions/login - 10:59:36
info: GET en /sessions/css/style.css - 10:59:36
info: GET en /sessions/js/main.js - 10:59:36
info: GET en /sessions/js/main.js - 10:59:37
info: POST en /sessions/login - 10:59:41
info: GET en /sessions/css/style.css - 10:59:41
info: GET en /sessions/js/main.js - 10:59:41
info: GET en /apidocs/ - 11:17:27
info: GET en /apidocs/ - 13:12:57
info: GET en /sessions/register - 13:20:59
info: GET en /sessions/css/style.css - 13:21:00
info: GET en /sessions/js/main.js - 13:21:00
info: POST en /sessions/register - 13:21:09
info: GET en /sessions/login - 13:21:10
info: GET en /sessions/css/style.css - 13:21:10
info: GET en /sessions/js/main.js - 13:21:10
info: GET en /sessions/js/main.js - 13:21:10
info: POST en /sessions/login - 13:21:14
info: GET en /api/products - 13:21:14
info: GET en /api/css/style.css - 13:21:15
info: GET en /api/js/main.js - 13:21:16
info: POST en /api/products/ - 13:21:31
info: GET en /api/products/ - 13:21:31
info: GET en /api/products/css/style.css - 13:21:32
info: GET en /api/products/js/main.js - 13:21:33
info: POST en /api/products/ - 13:21:49
info: GET en /api/products/ - 13:21:49
info: GET en /api/products/css/style.css - 13:21:50
info: GET en /api/products/js/main.js - 13:21:50
info: POST en /api/products/ - 13:22:04
info: GET en /api/products/ - 13:22:04
info: GET en /api/products/css/style.css - 13:22:05
info: GET en /api/products/js/main.js - 13:22:05
info: GET en /sessions/logout - 13:23:37
info: GET en /sessions/login - 13:23:37
info: GET en /sessions/css/style.css - 13:23:37
info: GET en /sessions/js/main.js - 13:23:37
info: GET en /sessions/js/main.js - 13:23:37
info: GET en /sessions/register - 13:23:39
info: GET en /sessions/css/style.css - 13:23:39
info: GET en /sessions/js/main.js - 13:23:39
info: GET en /sessions/register - 13:24:42
info: GET en /sessions/css/style.css - 13:24:42
info: GET en /sessions/js/main.js - 13:24:42
info: POST en /sessions/register - 13:24:52
info: GET en /sessions/login - 13:24:52
info: GET en /sessions/css/style.css - 13:24:52
info: GET en /sessions/js/main.js - 13:24:52
info: GET en /sessions/js/main.js - 13:24:52
info: POST en /sessions/login - 13:24:58
info: GET en /api/products - 13:24:58
info: GET en /api/css/style.css - 13:24:59
info: GET en /api/js/main.js - 13:24:59
info: POST en /api/products/ - 13:25:46
info: GET en /api/products/ - 13:25:47
info: GET en /api/products/css/style.css - 13:25:48
info: GET en /api/products/js/main.js - 13:25:48
info: GET en /sessions/register - 13:37:27
info: GET en /sessions/css/style.css - 13:37:28
info: GET en /sessions/js/main.js - 13:37:28
info: POST en /sessions/register - 13:47:24
info: GET en /sessions/login - 13:47:25
info: GET en /sessions/css/style.css - 13:47:25
info: GET en /sessions/js/main.js - 13:47:25
info: GET en /sessions/js/main.js - 13:47:25
info: POST en /sessions/login - 13:47:30
info: GET en /api/products - 13:47:31
info: GET en /api/css/style.css - 13:47:32
info: GET en /api/js/main.js - 13:47:32
info: POST en /api/products/ - 13:47:41
info: GET en /api/products/ - 13:47:42
info: GET en /api/products/css/style.css - 13:47:43
info: GET en /api/products/js/main.js - 13:47:43
info: POST en /api/products/ - 13:47:50
info: GET en /api/products/ - 13:47:50
info: GET en /api/products/css/style.css - 13:47:51
info: GET en /api/products/js/main.js - 13:47:51
info: GET en /sessions/logout - 13:49:12
info: GET en /sessions/login - 13:49:12
info: GET en /sessions/css/style.css - 13:49:12
info: GET en /sessions/js/main.js - 13:49:12
info: GET en /sessions/js/main.js - 13:49:12
info: GET en /sessions/register - 13:49:14
info: GET en /sessions/css/style.css - 13:49:14
info: GET en /sessions/js/main.js - 13:49:14
info: GET en /sessions/githubSignUp - 13:49:16
info: GET en /sessions/github?code=5b9b1e5f7bcb4e7f4741 - 13:49:17
info: GET en /api/products - 13:49:18
info: GET en /api/css/style.css - 13:49:19
info: GET en /api/js/main.js - 13:49:19
info: GET en /apidocs - 15:02:46
info: GET en /apidoc - 15:02:59
info: GET en /apidoc/ - 15:02:59
info: GET en /apidoc/swagger-ui.css - 15:02:59
info: GET en /apidoc/swagger-ui-bundle.js - 15:02:59
info: GET en /apidoc/swagger-ui-init.js - 15:03:00
info: GET en /apidoc/swagger-ui-standalone-preset.js - 15:03:00
info: GET en /apidoc/favicon-32x32.png - 15:03:00
info: GET en /sessions/register - 15:04:25
info: GET en /sessions/css/style.css - 15:04:25
info: GET en /sessions/js/main.js - 15:04:25
info: GET en /sessions/register - 10:55:11
info: GET en /sessions/css/style.css - 10:55:11
info: GET en /sessions/js/main.js - 10:55:11
info: GET en /sessions/githubSignUp - 10:55:15
info: GET en /sessions/github?code=d3872938ed8797267009 - 10:55:16
info: GET en /api/products - 10:55:17
info: GET en /api/css/style.css - 10:55:18
info: GET en /api/js/main.js - 10:55:19
info: POST en /api/products/ - 10:55:30
info: GET en /api/products/ - 10:55:30
info: GET en /api/products/css/style.css - 10:55:31
info: GET en /api/products/js/main.js - 10:55:32
info: POST en /api/products/ - 10:55:41
info: GET en /api/products/ - 10:55:42
info: GET en /api/products/css/style.css - 10:55:43
info: GET en /api/products/js/main.js - 10:55:43
info: GET en / - 18:17:42
info: GET en /css/style.css - 18:17:42
info: GET en /sessions/css/style.css - 18:17:42
info: GET en /sessions/js/main.js - 18:17:42
info: GET en /js/main.js - 18:17:42
info: GET en /favicon.ico - 18:17:43
info: GET en /session/register - 18:17:59
info: GET en /sessionregister - 18:18:06
info: GET en /sessionsregister - 18:19:45
info: GET en /sessions/register - 18:20:00
info: GET en /sessions/css/style.css - 18:20:00
info: GET en /sessions/js/main.js - 18:20:00
info: GET en /sessions/githubSignUp - 18:20:03
info: GET en /sessions/github?code=a84897045c4030cca2e0 - 18:20:03
info: GET en /api/products - 18:20:05
info: GET en /api/css/style.css - 18:20:06
info: GET en /api/js/main.js - 18:20:07
info: POST en /api/cart/:cid/purchase - 18:20:22
info: POST en /api/cart/:cid/purchase - 18:20:33
info: GET en /api/css/style.css - 18:32:35
info: GET en /sessions/githubSignUp - 18:32:46
info: GET en /sessions/github?code=c912deb9100a4a34d012 - 18:32:47
info: GET en /api/products - 18:32:49
info: GET en /api/css/style.css - 18:32:50
info: GET en /api/js/main.js - 18:32:51
info: POST en /api/cart/:cid/purchase - 18:33:00
info: GET en /sessions/logout - 18:34:13
info: GET en /sessions/login - 18:34:13
info: GET en /sessions/css/style.css - 18:34:13
info: GET en /sessions/js/main.js - 18:34:14
info: GET en /sessions/js/main.js - 18:34:14
info: GET en /sessions/register - 18:34:18
info: GET en /sessions/css/style.css - 18:34:18
info: GET en /sessions/js/main.js - 18:34:18
info: GET en / - 23:40:04
info: GET en /css/style.css - 23:40:04
info: GET en /sessions/css/style.css - 23:40:04
info: GET en /sessions/js/main.js - 23:40:04
info: GET en /js/main.js - 23:40:04
info: GET en /favicon.ico - 23:40:04
info: GET en /sessions/register - 23:40:09
info: GET en /sessions/css/style.css - 23:40:09
info: GET en /sessions/js/main.js - 23:40:09
info: GET en /sessions/githubSignUp - 23:40:20
info: GET en /sessions/github?code=fb8e7cce0959f5e612b8 - 23:40:21
info: GET en /api/products - 23:40:22
info: GET en /api/css/style.css - 23:40:23
info: GET en /api/js/main.js - 23:40:23
info: POST en /api/cart/:cid/purchase - 23:40:31
info: POST en /api/cart/:cid/purchase - 23:40:36
info: GET en /api/message - 23:40:49
info: GET en /api/css/style.css - 23:40:49
info: GET en /api/js/chat.js - 23:40:49
info: GET en /api/js/main.js - 23:40:49
info: GET en /api/message?enviar=enviar - 23:41:02
info: GET en /api/css/style.css - 23:41:02
info: GET en /api/js/chat.js - 23:41:02
info: GET en /api/js/main.js - 23:41:02
info: GET en /api/message?enviar=enviar - 23:44:35
info: GET en /api/css/style.css - 23:44:36
info: GET en /api/js/main.js - 23:44:36
info: GET en /api/js/chat.js - 23:44:36
info: GET en /api/message - 23:46:05
info: GET en /api/css/style.css - 23:46:05
info: GET en /api/js/chat.js - 23:46:05
info: GET en /api/js/main.js - 23:46:05
info: GET en /api/message?enviar=enviar - 23:46:25
info: GET en /api/css/style.css - 23:46:25
info: GET en /api/js/chat.js - 23:46:25
info: GET en /api/js/main.js - 23:46:25
info: GET en / - 10:55:53
info: GET en /css/style.css - 10:55:53
info: GET en /js/main.js - 10:55:53
info: GET en /sessions/css/style.css - 10:55:54
info: GET en /sessions/js/main.js - 10:55:54
info: GET en /sessions/register - 10:55:57
info: GET en /sessions/css/style.css - 10:55:57
info: GET en /sessions/js/main.js - 10:55:57
info: GET en /sessions/githubSignUp - 10:55:59
info: GET en /sessions/github?code=bdb88bcc66b64b1f0faa - 10:56:00
info: GET en /api/products - 10:56:01
info: GET en /api/css/style.css - 10:56:02
info: GET en /api/js/main.js - 10:56:03
info: POST en /api/cart/:cid/products/:pid - 10:56:13
info: POST en /api/cart/:cid/products/:pid - 10:56:24
